This is pdfTeX, Version 3.14159265-2.6-1.40.15 (MiKTeX 2.9 64-bit) (preloaded format=pdflatex 2015.5.10)  28 JUL 2015 11:50
entering extended mode
**JFMJoint.tex
(JFMJoint.tex
LaTeX2e <2015/01/01>
Babel <3.9l> and hyphenation patterns for 69 languages loaded.
(aiaa-tc.cls
Document Class: aiaa-tc 2004/11/23 v3.8 AIAA technical conference paper
Unknown option: passing ``english" option on to the standard LaTeX article clas
s.
("C:\Program Files\MiKTeX 2.9\tex\latex\base\article.cls"
Document Class: article 2014/09/29 v1.4h Standard LaTeX document class
("C:\Program Files\MiKTeX 2.9\tex\latex\base\size10.clo"
File: size10.clo 2014/09/29 v1.4h Standard LaTeX file (size option)
)
\c@part=\count79
\c@section=\count80
\c@subsection=\count81
\c@subsubsection=\count82
\c@paragraph=\count83
\c@subparagraph=\count84
\c@figure=\count85
\c@table=\count86
\abovecaptionskip=\skip41
\belowcaptionskip=\skip42
\bibindent=\dimen102
)
("C:\Program Files\MiKTeX 2.9\tex\latex\geometry\geometry.sty"
Package: geometry 2010/09/12 v5.6 Page Geometry

("C:\Program Files\MiKTeX 2.9\tex\latex\graphics\keyval.sty"
Package: keyval 2014/10/28 v1.15 key=value parser (DPC)
\KV@toks@=\toks14
)
("C:\Program Files\MiKTeX 2.9\tex\generic\oberdiek\ifpdf.sty"
Package: ifpdf 2011/01/30 v2.3 Provides the ifpdf switch (HO)
Package ifpdf Info: pdfTeX in PDF mode is detected.
)
("C:\Program Files\MiKTeX 2.9\tex\generic\oberdiek\ifvtex.sty"
Package: ifvtex 2010/03/01 v1.5 Detect VTeX and its facilities (HO)
Package ifvtex Info: VTeX not detected.
)
("C:\Program Files\MiKTeX 2.9\tex\generic\ifxetex\ifxetex.sty"
Package: ifxetex 2010/09/12 v0.6 Provides ifxetex conditional
)
\Gm@cnth=\count87
\Gm@cntv=\count88
\c@Gm@tempcnt=\count89
\Gm@bindingoffset=\dimen103
\Gm@wd@mp=\dimen104
\Gm@odd@mp=\dimen105
\Gm@even@mp=\dimen106
\Gm@layoutwidth=\dimen107
\Gm@layoutheight=\dimen108
\Gm@layouthoffset=\dimen109
\Gm@layoutvoffset=\dimen110
\Gm@dimlist=\toks15

("C:\Program Files\MiKTeX 2.9\tex\latex\geometry\geometry.cfg"))
(C:\Users\Lior\AppData\Roaming\MiKTeX\2.9\tex\latex\cite\overcite.sty
Package: overcite 2003/05/27  v 4.0
)
(C:\Users\Lior\AppData\Roaming\MiKTeX\2.9\tex\latex\cite\cite.sty
LaTeX Info: Redefining \cite on input line 302.
LaTeX Info: Redefining \nocite on input line 332.
Package: cite 2015/02/27  v 5.5
LaTeX Info: Redefining \cite on input line 441.
)
(C:\Users\Lior\AppData\Roaming\MiKTeX\2.9\tex\latex\fancyhdr\fancyhdr.sty
\fancy@headwidth=\skip43
\f@ncyO@elh=\skip44
\f@ncyO@erh=\skip45
\f@ncyO@olh=\skip46
\f@ncyO@orh=\skip47
\f@ncyO@elf=\skip48
\f@ncyO@erf=\skip49
\f@ncyO@olf=\skip50
\f@ncyO@orf=\skip51
)
(C:\Users\Lior\AppData\Roaming\MiKTeX\2.9\tex\latex\lastpage\lastpage.sty
Package: lastpage 2015/03/29 v1.2m Refers to last page's name (HMM; JPG)
)
("C:\Program Files\MiKTeX 2.9\tex\latex\graphics\graphicx.sty"
Package: graphicx 2014/10/28 v1.0g Enhanced LaTeX Graphics (DPC,SPQR)

("C:\Program Files\MiKTeX 2.9\tex\latex\graphics\graphics.sty"
Package: graphics 2014/10/28 v1.0p Standard LaTeX Graphics (DPC,SPQR)

("C:\Program Files\MiKTeX 2.9\tex\latex\graphics\trig.sty"
Package: trig 1999/03/16 v1.09 sin cos tan (DPC)
)
("C:\Program Files\MiKTeX 2.9\tex\latex\00miktex\graphics.cfg"
File: graphics.cfg 2007/01/18 v1.5 graphics configuration of teTeX/TeXLive
)
Package graphics Info: Driver file: pdftex.def on input line 94.

("C:\Program Files\MiKTeX 2.9\tex\latex\pdftex-def\pdftex.def"
File: pdftex.def 2011/05/27 v0.06d Graphics/color for pdfTeX

("C:\Program Files\MiKTeX 2.9\tex\generic\oberdiek\infwarerr.sty"
Package: infwarerr 2010/04/08 v1.3 Providing info/warning/error messages (HO)
)
("C:\Program Files\MiKTeX 2.9\tex\generic\oberdiek\ltxcmds.sty"
Package: ltxcmds 2011/11/09 v1.22 LaTeX kernel commands for general use (HO)
)
\Gread@gobject=\count90
))
\Gin@req@height=\dimen111
\Gin@req@width=\dimen112
)
("C:\Program Files\MiKTeX 2.9\tex\latex\tools\array.sty"
Package: array 2014/10/28 v2.4c Tabular extension package (FMi)
\col@sep=\dimen113
\extrarowheight=\dimen114
\NC@list=\toks16
\extratabsurround=\skip52
\backup@length=\skip53
)
\aiaa@overhang=\skip54
\c@aiaa@cthanks=\count91
\c@aiaa@cfootnote=\count92
)
("C:\Program Files\MiKTeX 2.9\tex\latex\lm\lmodern.sty"
Package: lmodern 2009/10/30 v1.6 Latin Modern Fonts
LaTeX Font Info:    Overwriting symbol font `operators' in version `normal'
(Font)                  OT1/cmr/m/n --> OT1/lmr/m/n on input line 22.
LaTeX Font Info:    Overwriting symbol font `letters' in version `normal'
(Font)                  OML/cmm/m/it --> OML/lmm/m/it on input line 23.
LaTeX Font Info:    Overwriting symbol font `symbols' in version `normal'
(Font)                  OMS/cmsy/m/n --> OMS/lmsy/m/n on input line 24.
LaTeX Font Info:    Overwriting symbol font `largesymbols' in version `normal'
(Font)                  OMX/cmex/m/n --> OMX/lmex/m/n on input line 25.
LaTeX Font Info:    Overwriting symbol font `operators' in version `bold'
(Font)                  OT1/cmr/bx/n --> OT1/lmr/bx/n on input line 26.
LaTeX Font Info:    Overwriting symbol font `letters' in version `bold'
(Font)                  OML/cmm/b/it --> OML/lmm/b/it on input line 27.
LaTeX Font Info:    Overwriting symbol font `symbols' in version `bold'
(Font)                  OMS/cmsy/b/n --> OMS/lmsy/b/n on input line 28.
LaTeX Font Info:    Overwriting symbol font `largesymbols' in version `bold'
(Font)                  OMX/cmex/m/n --> OMX/lmex/m/n on input line 29.
LaTeX Font Info:    Overwriting math alphabet `\mathbf' in version `normal'
(Font)                  OT1/cmr/bx/n --> OT1/lmr/bx/n on input line 31.
LaTeX Font Info:    Overwriting math alphabet `\mathsf' in version `normal'
(Font)                  OT1/cmss/m/n --> OT1/lmss/m/n on input line 32.
LaTeX Font Info:    Overwriting math alphabet `\mathit' in version `normal'
(Font)                  OT1/cmr/m/it --> OT1/lmr/m/it on input line 33.
LaTeX Font Info:    Overwriting math alphabet `\mathtt' in version `normal'
(Font)                  OT1/cmtt/m/n --> OT1/lmtt/m/n on input line 34.
LaTeX Font Info:    Overwriting math alphabet `\mathbf' in version `bold'
(Font)                  OT1/cmr/bx/n --> OT1/lmr/bx/n on input line 35.
LaTeX Font Info:    Overwriting math alphabet `\mathsf' in version `bold'
(Font)                  OT1/cmss/bx/n --> OT1/lmss/bx/n on input line 36.
LaTeX Font Info:    Overwriting math alphabet `\mathit' in version `bold'
(Font)                  OT1/cmr/bx/it --> OT1/lmr/bx/it on input line 37.
LaTeX Font Info:    Overwriting math alphabet `\mathtt' in version `bold'
(Font)                  OT1/cmtt/m/n --> OT1/lmtt/m/n on input line 38.
)
("C:\Program Files\MiKTeX 2.9\tex\latex\base\fontenc.sty"
Package: fontenc 2005/09/27 v1.99g Standard LaTeX package

("C:\Program Files\MiKTeX 2.9\tex\latex\base\t1enc.def"
File: t1enc.def 2005/09/27 v1.99g Standard LaTeX file
LaTeX Font Info:    Redeclaring font encoding T1 on input line 48.
))
("C:\Program Files\MiKTeX 2.9\tex\latex\base\inputenc.sty"
Package: inputenc 2015/03/17 v1.2c Input encoding file
\inpenc@prehook=\toks17
\inpenc@posthook=\toks18

("C:\Program Files\MiKTeX 2.9\tex\latex\base\latin9.def"
File: latin9.def 2015/03/17 v1.2c Input encoding file
))
("C:\Program Files\MiKTeX 2.9\tex\latex\multirow\multirow.sty"
\bigstrutjot=\dimen115
)
("C:\Program Files\MiKTeX 2.9\tex\latex\amsfonts\amssymb.sty"
Package: amssymb 2013/01/14 v3.01 AMS font symbols

("C:\Program Files\MiKTeX 2.9\tex\latex\amsfonts\amsfonts.sty"
Package: amsfonts 2013/01/14 v3.01 Basic AMSFonts support
\@emptytoks=\toks19
\symAMSa=\mathgroup4
\symAMSb=\mathgroup5
LaTeX Font Info:    Overwriting math alphabet `\mathfrak' in version `bold'
(Font)                  U/euf/m/n --> U/euf/b/n on input line 106.
))
(C:\Users\Lior\AppData\Roaming\MiKTeX\2.9\tex\latex\wrapfig\wrapfig.sty
\wrapoverhang=\dimen116
\WF@size=\dimen117
\c@WF@wrappedlines=\count93
\WF@box=\box26
\WF@everypar=\toks20
Package: wrapfig 2003/01/31  v 3.6
)
(C:\Users\Lior\AppData\Roaming\MiKTeX\2.9\tex\latex\threeparttable\threeparttab
le.sty
Package: threeparttable 2003/06/13  v 3.0
\@tempboxb=\box27
) ("C:\Program Files\MiKTeX 2.9\tex\latex\tools\dcolumn.sty"
Package: dcolumn 2014/10/28 v1.06 decimal alignment package (DPC)
)
\@glossaryfile=\write3

Writing glossary file JFMJoint.glo 
(C:\Users\Lior\AppData\Roaming\MiKTeX\2.9\tex\latex\subfig\subfig.sty
Package: subfig 2005/06/28 ver: 1.3 subfig package

(C:\Users\Lior\AppData\Roaming\MiKTeX\2.9\tex\latex\caption\caption.sty
Package: caption 2013/05/02 v3.3-89 Customizing captions (AR)

(C:\Users\Lior\AppData\Roaming\MiKTeX\2.9\tex\latex\caption\caption3.sty
Package: caption3 2013/05/02 v1.6-88 caption3 kernel (AR)
Package caption3 Info: TeX engine: e-TeX on input line 57.
\captionmargin=\dimen118
\captionmargin@=\dimen119
\captionwidth=\dimen120
\caption@tempdima=\dimen121
\caption@indent=\dimen122
\caption@parindent=\dimen123
\caption@hangindent=\dimen124
Package caption Info: Unknown document class (or package),
(caption)             standard defaults will be used.
)

Package caption Warning: Unsupported document class (or package) detected,
(caption)                usage of the caption package is not recommended.
See the caption package documentation for explanation.

Package caption Info: \@makecaption = \long macro:#1#2->\vskip \abovecaptionski
p \sbox \@tempboxa {\scriptsize \bfseries #1.~~#2}\ifdim \wd \@tempboxa >\hsize
 \scriptsize \bfseries #1.~~#2\par \else \global \@minipagefalse \hb@xt@ \hsize
 {\hfil \box \@tempboxa \hfil }\fi \vskip \belowcaptionskip .
\c@ContinuedFloat=\count94
Package caption Info: threeparttable package is loaded.
Package caption Info: wrapfig package is loaded.
)
\c@KVtest=\count95
\sf@farskip=\skip55
\sf@captopadj=\dimen125
\sf@capskip=\skip56
\sf@nearskip=\skip57
\c@subfigure=\count96
\c@subfigure@save=\count97
\c@lofdepth=\count98
\c@subtable=\count99
\c@subtable@save=\count100
\c@lotdepth=\count101
\sf@top=\skip58
\sf@bottom=\skip59
) (C:\Users\Lior\AppData\Roaming\MiKTeX\2.9\tex\latex\fancyvrb\fancyvrb.sty
Package: fancyvrb 2008/02/07

Style option: `fancyvrb' v2.7a, with DG/SPQR fixes, and firstline=lastline fix 
<2008/02/07> (tvz)
\FV@CodeLineNo=\count102
\FV@InFile=\read1
\FV@TabBox=\box28
\c@FancyVerbLine=\count103
\FV@StepNumber=\count104
\FV@OutFile=\write4
)
(C:\Users\Lior\AppData\Roaming\MiKTeX\2.9\tex\latex\lettrine\lettrine.sty
File: lettrine.sty 2015/02/16 v1.8 (Daniel Flipo)
\c@DefaultLines=\count105
\c@DefaultDepth=\count106
\DefaultFindent=\dimen126
\DefaultNindent=\dimen127
\DefaultSlope=\dimen128
\DiscardVskip=\dimen129
\L@lbox=\box29
\L@tbox=\box30
\c@L@lines=\count107
\c@L@depth=\count108
\L@Pindent=\dimen130
\L@Findent=\dimen131
\L@Nindent=\dimen132
\L@lraise=\dimen133
\L@first=\dimen134
\L@next=\dimen135
\L@slope=\dimen136
\L@height=\dimen137
\L@novskip=\dimen138
\LettrineWidth=\dimen139
\LettrineHeight=\dimen140
\LettrineDepth=\dimen141

Loading lettrine.cfg
(C:\Users\Lior\AppData\Roaming\MiKTeX\2.9\tex\latex\lettrine\lettrine.cfg))
("C:\Program Files\MiKTeX 2.9\tex\latex\babel\babel.sty"
Package: babel 2014/09/25 3.9l The Babel package

*************************************
* Local config file bblopts.cfg used
*
("C:\Program Files\MiKTeX 2.9\tex\latex\00miktex\bblopts.cfg"
File: bblopts.cfg 2006/07/31 v1.0 MiKTeX 'babel' configuration
)
(C:\Users\Lior\AppData\Roaming\MiKTeX\2.9\tex\latex\babel-english\english.ldf
Language: english 2012/08/20 v3.3p English support from the babel system

("C:\Program Files\MiKTeX 2.9\tex\latex\babel\babel.def"
File: babel.def 2014/09/25 3.9l Babel common definitions
\babel@savecnt=\count109
\U@D=\dimen142
)
\l@canadian = a dialect from \language\l@american 
\l@australian = a dialect from \language\l@british 
\l@newzealand = a dialect from \language\l@british 
)) (JFMJoint.aux)
LaTeX Font Info:    Checking defaults for OML/cmm/m/it on input line 51.
LaTeX Font Info:    ... okay on input line 51.
LaTeX Font Info:    Checking defaults for T1/cmr/m/n on input line 51.
LaTeX Font Info:    ... okay on input line 51.
LaTeX Font Info:    Checking defaults for OT1/cmr/m/n on input line 51.
LaTeX Font Info:    ... okay on input line 51.
LaTeX Font Info:    Checking defaults for OMS/cmsy/m/n on input line 51.
LaTeX Font Info:    ... okay on input line 51.
LaTeX Font Info:    Checking defaults for OMX/cmex/m/n on input line 51.
LaTeX Font Info:    ... okay on input line 51.
LaTeX Font Info:    Checking defaults for U/cmr/m/n on input line 51.
LaTeX Font Info:    ... okay on input line 51.
LaTeX Font Info:    Try loading font information for T1+lmr on input line 51.

("C:\Program Files\MiKTeX 2.9\tex\latex\lm\t1lmr.fd"
File: t1lmr.fd 2009/10/30 v1.6 Font defs for Latin Modern
)
*geometry* driver: auto-detecting
*geometry* detected driver: pdftex
*geometry* verbose mode - [ preamble ] result:
* driver: pdftex
* paper: <default>
* layout: <same size as paper>
* layoutoffset:(h,v)=(0.0pt,0.0pt)
* modes: 
* h-part:(L,W,R)=(72.26999pt, 469.75502pt, 72.26999pt)
* v-part:(T,H,B)=(54.2025pt, 668.4975pt, 72.26999pt)
* \paperwidth=614.295pt
* \paperheight=794.96999pt
* \textwidth=469.75502pt
* \textheight=668.4975pt
* \oddsidemargin=0.0pt
* \evensidemargin=0.0pt
* \topmargin=-55.06749pt
* \headheight=12.0pt
* \headsep=25.0pt
* \topskip=10.0pt
* \footskip=30.0pt
* \marginparwidth=65.0pt
* \marginparsep=11.0pt
* \columnsep=10.0pt
* \skip\footins=9.0pt plus 4.0pt minus 2.0pt
* \hoffset=0.0pt
* \voffset=0.0pt
* \mag=1000
* \@twocolumnfalse
* \@twosidefalse
* \@mparswitchfalse
* \@reversemarginfalse
* (1in=72.27pt=25.4mm, 1cm=28.453pt)

Package lastpage Info: Please have a look at the pageslts package at
(lastpage)             https://www.ctan.org/pkg/pageslts
(lastpage)             ! on input line 51.
(C:\Users\Lior\AppData\Roaming\MiKTeX\2.9\tex\context\base\supp-pdf.mkii
[Loading MPS to PDF converter (version 2006.09.02).]
\scratchcounter=\count110
\scratchdimen=\dimen143
\scratchbox=\box31
\nofMPsegments=\count111
\nofMParguments=\count112
\everyMPshowfont=\toks21
\MPscratchCnt=\count113
\MPscratchDim=\dimen144
\MPnumerator=\count114
\makeMPintoPDFobject=\count115
\everyMPtoPDFconversion=\toks22
)
Package caption Info: Begin \AtBeginDocument code.
Package caption Info: subfig package v1.3 is loaded.
Package caption Info: End \AtBeginDocument code.
LaTeX Font Info:    Try loading font information for OT1+lmr on input line 63.
 ("C:\Program Files\MiKTeX 2.9\tex\latex\lm\ot1lmr.fd"
File: ot1lmr.fd 2009/10/30 v1.6 Font defs for Latin Modern
)
LaTeX Font Info:    Try loading font information for OML+lmm on input line 63.

("C:\Program Files\MiKTeX 2.9\tex\latex\lm\omllmm.fd"
File: omllmm.fd 2009/10/30 v1.6 Font defs for Latin Modern
)
LaTeX Font Info:    Try loading font information for OMS+lmsy on input line 63.


("C:\Program Files\MiKTeX 2.9\tex\latex\lm\omslmsy.fd"
File: omslmsy.fd 2009/10/30 v1.6 Font defs for Latin Modern
)
LaTeX Font Info:    Try loading font information for OMX+lmex on input line 63.


("C:\Program Files\MiKTeX 2.9\tex\latex\lm\omxlmex.fd"
File: omxlmex.fd 2009/10/30 v1.6 Font defs for Latin Modern
)
LaTeX Font Info:    External font `lmex10' loaded for size
(Font)              <12> on input line 63.
LaTeX Font Info:    External font `lmex10' loaded for size
(Font)              <8> on input line 63.
LaTeX Font Info:    External font `lmex10' loaded for size
(Font)              <6> on input line 63.
LaTeX Font Info:    Try loading font information for U+msa on input line 63.

("C:\Program Files\MiKTeX 2.9\tex\latex\amsfonts\umsa.fd"
File: umsa.fd 2013/01/14 v3.01 AMS symbols A
)
LaTeX Font Info:    Try loading font information for U+msb on input line 63.

("C:\Program Files\MiKTeX 2.9\tex\latex\amsfonts\umsb.fd"
File: umsb.fd 2013/01/14 v3.01 AMS symbols B
)
LaTeX Font Info:    Try loading font information for OMS+lmr on input line 63.

("C:\Program Files\MiKTeX 2.9\tex\latex\lm\omslmr.fd"
File: omslmr.fd 2009/10/30 v1.6 Font defs for Latin Modern
)
LaTeX Font Info:    Font shape `OMS/lmr/m/n' in size <8> not available
(Font)              Font shape `OMS/lmsy/m/n' tried instead on input line 63.
LaTeX Font Info:    External font `lmex10' loaded for size
(Font)              <5> on input line 63.
LaTeX Font Info:    Font shape `OMS/lmr/m/n' in size <6> not available
(Font)              Font shape `OMS/lmsy/m/n' tried instead on input line 63.
LaTeX Font Info:    External font `lmex10' loaded for size
(Font)              <10> on input line 78.
LaTeX Font Info:    External font `lmex10' loaded for size
(Font)              <7> on input line 78.
 [1

{C:/Users/Lior/AppData/Local/MiKTeX/2.9/pdftex/config/pdftex.map}] [2]

LaTeX Warning: Reference `' on page 3 undefined on input line 89.

<GDTL_facility_schematic.png, id=21, 234.8775pt x 195.4575pt>
File: GDTL_facility_schematic.png Graphic file (type png)

<use GDTL_facility_schematic.png>
Package pdftex.def Info: GDTL_facility_schematic.png used on input line 99.
(pdftex.def)             Requested size: 252.94354pt x 210.49147pt.
 [3 <./GDTL_facility_schematic.png>]
<GDTL_mic_locations.png, id=28, 225.351pt x 156.0375pt>
File: GDTL_mic_locations.png Graphic file (type png)

<use GDTL_mic_locations.png>
Package pdftex.def Info: GDTL_mic_locations.png used on input line 112.
(pdftex.def)             Requested size: 252.95189pt x 175.14888pt.
 [4 <./GDTL_mic_locations.png>]
<MACH09ComputationalDomain1.png, id=34, 718.8456pt x 515.526pt>
File: MACH09ComputationalDomain1.png Graphic file (type png)

<use MACH09ComputationalDomain1.png>
Package pdftex.def Info: MACH09ComputationalDomain1.png used on input line 151.

(pdftex.def)             Requested size: 252.9379pt x 181.39648pt.
 [5 <./MACH09ComputationalDomain1.png>]
<actuatormodelnew.png, id=40, 480.3546pt x 221.628pt>
File: actuatormodelnew.png Graphic file (type png)

<use actuatormodelnew.png>
Package pdftex.def Info: actuatormodelnew.png used on input line 193.
(pdftex.def)             Requested size: 260.17189pt x 120.03918pt.


Package caption Warning: \label without proper \caption on input line 247.
See the caption package documentation for explanation.


LaTeX Warning: Reference `meangridM09' on page 6 undefined on input line 244.


Package caption Warning: \label without proper \caption on input line 258.
See the caption package documentation for explanation.


LaTeX Warning: Reference `meangridrmsM09' on page 6 undefined on input line 244
.


Package caption Warning: \label without proper \caption on input line 247.
See the caption package documentation for explanation.


LaTeX Warning: Reference `meangridM09' on page 6 undefined on input line 244.


Package caption Warning: \label without proper \caption on input line 247.
See the caption package documentation for explanation.


LaTeX Warning: Reference `meangridM09' on page 6 undefined on input line 244.

<gridstudyM09meancenter.png, id=41, 801.99625pt x 705.63625pt>
File: gridstudyM09meancenter.png Graphic file (type png)

<use gridstudyM09meancenter.png>
Package pdftex.def Info: gridstudyM09meancenter.png used on input line 247.
(pdftex.def)             Requested size: 231.26353pt x 203.47719pt.


Package caption Warning: \label without proper \caption on input line 258.
See the caption package documentation for explanation.


LaTeX Warning: Reference `meangridrmsM09' on page 6 undefined on input line 252
.

<gridstudyM09rmscenter.png, id=42, 801.99625pt x 705.63625pt>
File: gridstudyM09rmscenter.png Graphic file (type png)

<use gridstudyM09rmscenter.png>
Package pdftex.def Info: gridstudyM09rmscenter.png used on input line 257.
(pdftex.def)             Requested size: 231.26353pt x 203.47719pt.
 [6 <./actuatormodelnew.png>] [7 <./gridstudyM09meancenter.png> <./gridstudyM09
rmscenter.png>]

LaTeX Warning: Reference `Speth2014' on page 8 undefined on input line 268.

<expcompmeancenterM0913NC.png, id=54, 801.99625pt x 705.63625pt>
File: expcompmeancenterM0913NC.png Graphic file (type png)

<use expcompmeancenterM0913NC.png>
Package pdftex.def Info: expcompmeancenterM0913NC.png used on input line 273.
(pdftex.def)             Requested size: 231.26353pt x 203.47719pt.

<expcompupcenterM0913NC.png, id=55, 801.99625pt x 705.63625pt>
File: expcompupcenterM0913NC.png Graphic file (type png)

<use expcompupcenterM0913NC.png>
Package pdftex.def Info: expcompupcenterM0913NC.png used on input line 275.
(pdftex.def)             Requested size: 231.26353pt x 203.47719pt.


Package caption Warning: \label without proper \caption on input line 290.
See the caption package documentation for explanation.


LaTeX Warning: Reference `expcompST025' on page 8 undefined on input line 283.


LaTeX Warning: Citation `kearney2013intermittent' on page 8 undefined on input 
line 283.


Package caption Warning: \label without proper \caption on input line 290.
See the caption package documentation for explanation.


LaTeX Warning: Reference `expcompST025' on page 8 undefined on input line 283.

<expcompumeancenterM0913.png, id=56, 801.99625pt x 705.63625pt>
File: expcompumeancenterM0913.png Graphic file (type png)

<use expcompumeancenterM0913.png>
Package pdftex.def Info: expcompumeancenterM0913.png used on input line 287.
(pdftex.def)             Requested size: 231.26353pt x 203.47719pt.

<expcompupcenterM0913.png, id=57, 801.99625pt x 705.63625pt>
File: expcompupcenterM0913.png Graphic file (type png)

<use expcompupcenterM0913.png>
Package pdftex.def Info: expcompupcenterM0913.png used on input line 289.
(pdftex.def)             Requested size: 231.26353pt x 203.47719pt.


Package caption Warning: \label without proper \caption on input line 303.
See the caption package documentation for explanation.


LaTeX Warning: Reference `galilcomp' on page 8 undefined on input line 296.


Package caption Warning: \label without proper \caption on input line 303.
See the caption package documentation for explanation.


LaTeX Warning: Reference `galilcomp' on page 8 undefined on input line 296.


LaTeX Warning: Reference `thicknesseffects' on page 8 undefined on input line 2
96.


Package caption Warning: \label without proper \caption on input line 303.
See the caption package documentation for explanation.


LaTeX Warning: Reference `galilcomp' on page 8 undefined on input line 296.

<galileanm0ST025expM09.png, id=58, 578.16pt x 433.62pt>
File: galileanm0ST025expM09.png Graphic file (type png)

<use galileanm0ST025expM09.png>
Package pdftex.def Info: galileanm0ST025expM09.png used on input line 300.
(pdftex.def)             Requested size: 231.2599pt x 173.44492pt.

<galileanxshift06St025M09.png, id=59, 578.16pt x 433.62pt>
File: galileanxshift06St025M09.png Graphic file (type png)

<use galileanxshift06St025M09.png>
Package pdftex.def Info: galileanxshift06St025M09.png used on input line 302.
(pdftex.def)             Requested size: 231.2599pt x 173.44492pt.
 [8 <./expcompmeancenterM0913NC.png> <./expcompupcenterM0913NC.png>]

Package caption Warning: \label without proper \caption on input line 303.
See the caption package documentation for explanation.


LaTeX Warning: Reference `galilcomp' on page 9 undefined on input line 308.

[9 <./expcompumeancenterM0913.png> <./expcompupcenterM0913.png> <./galileanm0ST
025expM09.png (PNG copy)> <./galileanxshift06St025M09.png (PNG copy)>]
<M09pointwithactuatorx2array1ST025.png, id=71, 1505.625pt x 1324.95pt>
File: M09pointwithactuatorx2array1ST025.png Graphic file (type png)

<use M09pointwithactuatorx2array1ST025.png>
Package pdftex.def Info: M09pointwithactuatorx2array1ST025.png used on input li
ne 317.
(pdftex.def)             Requested size: 252.94327pt x 222.59009pt.

<M09LESandExpaxialphase.png, id=72, 1505.625pt x 1324.95pt>
File: M09LESandExpaxialphase.png Graphic file (type png)

<use M09LESandExpaxialphase.png>
Package pdftex.def Info: M09LESandExpaxialphase.png used on input line 324.
(pdftex.def)             Requested size: 252.94327pt x 222.59009pt.

<M09St005qcritphase0106AB.png, id=73, 380.1402pt x 522.753pt>
File: M09St005qcritphase0106AB.png Graphic file (type png)

<use M09St005qcritphase0106AB.png>
Package pdftex.def Info: M09St005qcritphase0106AB.png used on input line 359.
(pdftex.def)             Requested size: 187.90605pt x 258.4006pt.
 [10 <./M09pointwithactuatorx2array1ST025.png>] <M09St015qcritphase0106AB.png, 
id=78, 381.1038pt x 522.2712pt>
File: M09St015qcritphase0106AB.png Graphic file (type png)

<use M09St015qcritphase0106AB.png>
Package pdftex.def Info: M09St015qcritphase0106AB.png used on input line 371.
(pdftex.def)             Requested size: 187.90552pt x 257.50896pt.

<M09St025qcritphase0106AB.png, id=79, 380.1402pt x 522.2712pt>
File: M09St025qcritphase0106AB.png Graphic file (type png)

<use M09St025qcritphase0106AB.png>
Package pdftex.def Info: M09St025qcritphase0106AB.png used on input line 383.
(pdftex.def)             Requested size: 187.90605pt x 258.16243pt.
 [11 <./M09LESandExpaxialphase.png>] [12 <./M09St005qcritphase0106AB.png> <./M0
9St015qcritphase0106AB.png>]
<Num_Phavg_x3D_lipline_corrected.png, id=89, 445.665pt x 266.4354pt>
File: Num_Phavg_x3D_lipline_corrected.png Graphic file (type png)

<use Num_Phavg_x3D_lipline_corrected.png>
Package pdftex.def Info: Num_Phavg_x3D_lipline_corrected.png used on input line
 420.
(pdftex.def)             Requested size: 234.87526pt x 140.41731pt.

<Num_LnrPos_x3D_lipline_corrected.png, id=90, 445.665pt x 272.4579pt>
File: Num_LnrPos_x3D_lipline_corrected.png Graphic file (type png)

<use Num_LnrPos_x3D_lipline_corrected.png>
Package pdftex.def Info: Num_LnrPos_x3D_lipline_corrected.png used on input lin
e 421.
(pdftex.def)             Requested size: 234.87526pt x 143.5913pt.

Overfull \hbox (6.66216pt too wide) in paragraph at lines 420--421
 [][][] 
 []


LaTeX Warning: Reference `fig:isolevels05,fig:isolevels15,fig:isolevels' on pag
e 13 undefined on input line 428.

<MachsST005x2and4liplineauto.png, id=91, 801.99625pt x 705.63625pt>
File: MachsST005x2and4liplineauto.png Graphic file (type png)

<use MachsST005x2and4liplineauto.png>
Package pdftex.def Info: MachsST005x2and4liplineauto.png used on input line 433
.
(pdftex.def)             Requested size: 216.8111pt x 190.7612pt.

<MachsST015x2and4liplineauto.png, id=92, 801.99625pt x 705.63625pt>
File: MachsST015x2and4liplineauto.png Graphic file (type png)

<use MachsST015x2and4liplineauto.png>
Package pdftex.def Info: MachsST015x2and4liplineauto.png used on input line 434
.
(pdftex.def)             Requested size: 216.8111pt x 190.7612pt.

<MachsST025x2and4liplineauto.png, id=93, 801.99625pt x 705.63625pt>
File: MachsST025x2and4liplineauto.png Graphic file (type png)

<use MachsST025x2and4liplineauto.png>
Package pdftex.def Info: MachsST025x2and4liplineauto.png used on input line 436
.
(pdftex.def)             Requested size: 216.8111pt x 190.7612pt.

<corrliplineMAchSt005.png, id=94, 801.99625pt x 705.63625pt>
File: corrliplineMAchSt005.png Graphic file (type png)

<use corrliplineMAchSt005.png>
Package pdftex.def Info: corrliplineMAchSt005.png used on input line 447.
(pdftex.def)             Requested size: 216.8111pt x 190.7612pt.

<corrliplineMAchSt015.png, id=95, 801.99625pt x 705.63625pt>
File: corrliplineMAchSt015.png Graphic file (type png)

<use corrliplineMAchSt015.png>
Package pdftex.def Info: corrliplineMAchSt015.png used on input line 448.
(pdftex.def)             Requested size: 216.8111pt x 190.7612pt.

<corrliplineMAchSt025.png, id=96, 801.99625pt x 705.63625pt>
File: corrliplineMAchSt025.png Graphic file (type png)

<use corrliplineMAchSt025.png>
Package pdftex.def Info: corrliplineMAchSt025.png used on input line 450.
(pdftex.def)             Requested size: 216.8111pt x 190.7612pt.
 [13 <./M09St025qcritphase0106AB.png>] [14 <./Num_Phavg_x3D_lipline_corrected.p
ng> <./Num_LnrPos_x3D_lipline_corrected.png> <./MachsST005x2and4liplineauto.png
> <./MachsST015x2and4liplineauto.png> <./MachsST025x2and4liplineauto.png>] [15 
<./corrliplineMAchSt005.png> <./corrliplineMAchSt015.png> <./corrliplineMAchSt0
25.png>]
LaTeX Font Info:    Font shape `OMS/lmr/m/n' in size <10> not available
(Font)              Font shape `OMS/lmsy/m/n' tried instead on input line 481.

<M09phaseSt005fixed.png, id=116, 356.33125pt x 353.32pt>
File: M09phaseSt005fixed.png Graphic file (type png)

<use M09phaseSt005fixed.png>
Package pdftex.def Info: M09phaseSt005fixed.png used on input line 497.
(pdftex.def)             Requested size: 180.6717pt x 179.14491pt.

<M09phaseSt015fixed.png, id=117, 356.33125pt x 353.32pt>
File: M09phaseSt015fixed.png Graphic file (type png)

<use M09phaseSt015fixed.png>
Package pdftex.def Info: M09phaseSt015fixed.png used on input line 498.
(pdftex.def)             Requested size: 180.6717pt x 179.14491pt.

<M09phaseSt025.png, id=118, 1505.625pt x 1490.56876pt>
File: M09phaseSt025.png Graphic file (type png)
 <use M09phaseSt025.png>
Package pdftex.def Info: M09phaseSt025.png used on input line 500.
(pdftex.def)             Requested size: 180.6672pt x 178.86053pt.


LaTeX Warning: Reference `compresscontrol' on page 16 undefined on input line 5
13.

[16] [17 <./M09phaseSt005fixed.png> <./M09phaseSt015fixed.png> <./M09phaseSt025
.png>] <M09M13autocorrarray1ST005.png, id=128, 1505.625pt x 1324.95pt>
File: M09M13autocorrarray1ST005.png Graphic file (type png)

<use M09M13autocorrarray1ST005.png>
Package pdftex.def Info: M09M13autocorrarray1ST005.png used on input line 561.
(pdftex.def)             Requested size: 216.80524pt x 190.7886pt.

<M09M13autocorrarray1ST015.png, id=129, 1505.625pt x 1324.95pt>
File: M09M13autocorrarray1ST015.png Graphic file (type png)

<use M09M13autocorrarray1ST015.png>
Package pdftex.def Info: M09M13autocorrarray1ST015.png used on input line 562.
(pdftex.def)             Requested size: 216.80524pt x 190.7886pt.

<M09M13autocorrarray1ST025.png, id=130, 1505.625pt x 1324.95pt>
File: M09M13autocorrarray1ST025.png Graphic file (type png)

<use M09M13autocorrarray1ST025.png>
Package pdftex.def Info: M09M13autocorrarray1ST025.png used on input line 564.
(pdftex.def)             Requested size: 216.80524pt x 190.7886pt.
 [18] [19 <./M09M13autocorrarray1ST005.png> <./M09M13autocorrarray1ST015.png> <
./M09M13autocorrarray1ST025.png>]
<M09M13crosscorrNE.png, id=141, 801.99625pt x 705.63625pt>
File: M09M13crosscorrNE.png Graphic file (type png)

<use M09M13crosscorrNE.png>
Package pdftex.def Info: M09M13crosscorrNE.png used on input line 590.
(pdftex.def)             Requested size: 216.8111pt x 190.7612pt.

<M09M13crosscorrSt005.png, id=142, 801.99625pt x 705.63625pt>
File: M09M13crosscorrSt005.png Graphic file (type png)

<use M09M13crosscorrSt005.png>
Package pdftex.def Info: M09M13crosscorrSt005.png used on input line 591.
(pdftex.def)             Requested size: 216.8111pt x 190.7612pt.

<M09M13crosscorrSt015.png, id=143, 1505.625pt x 1324.95pt>
File: M09M13crosscorrSt015.png Graphic file (type png)

<use M09M13crosscorrSt015.png>
Package pdftex.def Info: M09M13crosscorrSt015.png used on input line 593.
(pdftex.def)             Requested size: 216.80524pt x 190.7886pt.

<M09M13crosscorrSt025.png, id=144, 1505.625pt x 1324.95pt>
File: M09M13crosscorrSt025.png Graphic file (type png)

<use M09M13crosscorrSt025.png>
Package pdftex.def Info: M09M13crosscorrSt025.png used on input line 594.
(pdftex.def)             Requested size: 216.80524pt x 190.7886pt.
 [20 <./M09M13crosscorrNE.png> <./M09M13crosscorrSt005.png> <./M09M13crosscorrS
t015.png> <./M09M13crosscorrSt025.png>]
<Num_FFx1_phavg.png, id=152, 430.7292pt x 324.9741pt>
File: Num_FFx1_phavg.png Graphic file (type png)
 <use Num_FFx1_phavg.png>
Package pdftex.def Info: Num_FFx1_phavg.png used on input line 645.
(pdftex.def)             Requested size: 234.87749pt x 177.20903pt.

<Num_FFx1_LnrPos.png, id=153, 431.4519pt x 271.2534pt>
File: Num_FFx1_LnrPos.png Graphic file (type png)

<use Num_FFx1_LnrPos.png>
Package pdftex.def Info: Num_FFx1_LnrPos.png used on input line 646.
(pdftex.def)             Requested size: 234.88316pt x 147.6708pt.


LaTeX Warning: Reference `tab:coreconvec' on page 21 undefined on input line 65
2.

<2ptcorrarray1x20dr9dNE.png, id=154, 449.68pt x 336.457pt>
File: 2ptcorrarray1x20dr9dNE.png Graphic file (type png)

<use 2ptcorrarray1x20dr9dNE.png>
Package pdftex.def Info: 2ptcorrarray1x20dr9dNE.png used on input line 657.
(pdftex.def)             Requested size: 234.8779pt x 175.739pt.

<2ptcorrarray1x20dr9dST005.png, id=155, 449.68pt x 336.457pt>
File: 2ptcorrarray1x20dr9dST005.png Graphic file (type png)

<use 2ptcorrarray1x20dr9dST005.png>
Package pdftex.def Info: 2ptcorrarray1x20dr9dST005.png used on input line 658.
(pdftex.def)             Requested size: 234.8779pt x 175.739pt.

<2ptcorrarray1x20dr9dST025.png, id=156, 449.68pt x 337.26pt>
File: 2ptcorrarray1x20dr9dST025.png Graphic file (type png)

<use 2ptcorrarray1x20dr9dST025.png>
Package pdftex.def Info: 2ptcorrarray1x20dr9dST025.png used on input line 660.
(pdftex.def)             Requested size: 234.8779pt x 176.15842pt.
 [21]
<MaxcorrSt005M09.png, id=160, 1505.625pt x 745.78625pt>
File: MaxcorrSt005M09.png Graphic file (type png)

<use MaxcorrSt005M09.png>
Package pdftex.def Info: MaxcorrSt005M09.png used on input line 671.
(pdftex.def)             Requested size: 231.25586pt x 114.54874pt.

<MaxcorrSt015M09.png, id=161, 1505.625pt x 745.78625pt>
File: MaxcorrSt015M09.png Graphic file (type png)

<use MaxcorrSt015M09.png>
Package pdftex.def Info: MaxcorrSt015M09.png used on input line 672.
(pdftex.def)             Requested size: 231.25586pt x 114.54874pt.

<MaxcorrSt025M09.png, id=162, 1505.625pt x 745.78625pt>
File: MaxcorrSt025M09.png Graphic file (type png)

<use MaxcorrSt025M09.png>
Package pdftex.def Info: MaxcorrSt025M09.png used on input line 674.
(pdftex.def)             Requested size: 231.25586pt x 114.54874pt.
 [22 <./Num_FFx1_phavg.png> <./Num_FFx1_LnrPos.png>]
[23 <./2ptcorrarray1x20dr9dNE.png (PNG copy)> <./2ptcorrarray1x20dr9dST005.png 
(PNG copy)> <./2ptcorrarray1x20dr9dST025.png (PNG copy)>] (JFMJoint.bbl
[24 <./MaxcorrSt005M09.png> <./MaxcorrSt015M09.png> <./MaxcorrSt025M09.png>]
[25]) 
AED: lastpage setting LastPage
[26] (JFMJoint.aux)

LaTeX Warning: There were undefined references.

 ) 
Here is how much of TeX's memory you used:
 5203 strings out of 493671
 79243 string characters out of 3143865
 150366 words of memory out of 3000000
 8388 multiletter control sequences out of 15000+200000
 73175 words of font info for 60 fonts, out of 3000000 for 9000
 1025 hyphenation exceptions out of 8191
 44i,11n,47p,2499b,410s stack positions out of 5000i,500n,10000p,200000b,50000s
{C:/Program Files/MiKTeX 2.9/fonts/enc/dvips/lm/lm-ec.enc}{C:/Program Files/M
iKTeX 2.9/fonts/enc/dvips/lm/lm-rm.enc}{C:/Program Files/MiKTeX 2.9/fonts/enc/d
vips/lm/lm-mathit.enc}{C:/Program Files/MiKTeX 2.9/fonts/enc/dvips/lm/lm-mathsy
.enc}{C:/Program Files/MiKTeX 2.9/fonts/enc/dvips/lm/lm-mathex.enc}<C:/Program 
Files/MiKTeX 2.9/fonts/type1/public/lm/lmbx10.pfb><C:/Program Files/MiKTeX 2.9/
fonts/type1/public/lm/lmbx12.pfb><C:/Program Files/MiKTeX 2.9/fonts/type1/publi
c/lm/lmbx7.pfb><C:/Program Files/MiKTeX 2.9/fonts/type1/public/lm/lmbx9.pfb><C:
/Program Files/MiKTeX 2.9/fonts/type1/public/lm/lmex10.pfb><C:/Program Files/Mi
KTeX 2.9/fonts/type1/public/lm/lmmi10.pfb><C:/Program Files/MiKTeX 2.9/fonts/ty
pe1/public/lm/lmmi6.pfb><C:/Program Files/MiKTeX 2.9/fonts/type1/public/lm/lmmi
7.pfb><C:/Program Files/MiKTeX 2.9/fonts/type1/public/lm/lmmi8.pfb><C:/Program 
Files/MiKTeX 2.9/fonts/type1/public/lm/lmr10.pfb><C:/Program Files/MiKTeX 2.9/f
onts/type1/public/lm/lmr12.pfb><C:/Program Files/MiKTeX 2.9/fonts/type1/public/
lm/lmr6.pfb><C:/Program Files/MiKTeX 2.9/fonts/type1/public/lm/lmr7.pfb><C:/Pro
gram Files/MiKTeX 2.9/fonts/type1/public/lm/lmr8.pfb><C:/Program Files/MiKTeX 2
.9/fonts/type1/public/lm/lmri10.pfb><C:/Program Files/MiKTeX 2.9/fonts/type1/pu
blic/lm/lmri8.pfb><C:/Program Files/MiKTeX 2.9/fonts/type1/public/lm/lmsy10.pfb
><C:/Program Files/MiKTeX 2.9/fonts/type1/public/lm/lmsy6.pfb><C:/Program Files
/MiKTeX 2.9/fonts/type1/public/lm/lmsy7.pfb><C:/Program Files/MiKTeX 2.9/fonts/
type1/public/lm/lmsy8.pfb>
Output written on JFMJoint.pdf (26 pages, 7889798 bytes).
PDF statistics:
 260 PDF objects out of 1000 (max. 8388607)
 0 named destinations out of 1000 (max. 500000)
 216 words of extra memory for PDF output out of 10000 (max. 10000000)

